<?xml version="1.0" encoding="UTF-8"?>
<!-- Generated by org.testng.reporters.JUnitXMLReporter -->
<testsuite hostname="DESKTOP-KVLJ85V" name="Default test" tests="6" failures="0" timestamp="2 Apr 2019 11:01:01 GMT" time="48.244" errors="0">
  <testcase name="A" time="8.748" classname="mercury_Tour.Mercury_Tour"/>
  <testcase name="support" time="1.864" classname="mercury_Tour.Mercury_Tour"/>
  <testcase name="Resgister" time="8.213" classname="mercury_Tour.Mercury_Tour"/>
  <testcase name="Sign_on" time="1.508" classname="mercury_Tour.Mercury_Tour"/>
  <testcase name="Flight_finder" time="26.72" classname="mercury_Tour.Mercury_Tour"/>
  <testcase name="preferences" time="1.16" classname="mercury_Tour.Mercury_Tour"/>
</testsuite> <!-- Default test -->
